------------------------------------------------------------
/home/django/env/bin/pip run on Sat Nov 14 21:01:37 2015
Downloading/unpacking pycrypto
  Getting page https://pypi.python.org/simple/pycrypto/
  URLs to search for versions for pycrypto:
  * https://pypi.python.org/simple/pycrypto/
  Analyzing links from page https://pypi.python.org/simple/pycrypto/
    Found link https://pypi.python.org/packages/source/p/pycrypto/pycrypto-2.0.1.tar.gz#md5=4d5674f3898a573691ffb335e8d749cd (from https://pypi.python.org/simple/pycrypto/), version: 2.0.1
    Found link https://pypi.python.org/packages/source/p/pycrypto/pycrypto-2.1.0.tar.gz#md5=1d3eb04f06e6f09a080bc37fb019f9bf (from https://pypi.python.org/simple/pycrypto/), version: 2.1.0
    Found link https://pypi.python.org/packages/source/p/pycrypto/pycrypto-2.2.tar.gz#md5=4f0ed728b14b98f09120cb2ec461ec98 (from https://pypi.python.org/simple/pycrypto/), version: 2.2
    Found link https://pypi.python.org/packages/source/p/pycrypto/pycrypto-2.3.tar.gz#md5=2b811cfbfc342d83ee614097effb8101 (from https://pypi.python.org/simple/pycrypto/), version: 2.3
    Found link https://pypi.python.org/packages/source/p/pycrypto/pycrypto-2.4.1.tar.gz#md5=c2a1404a848797fb0806f3e11c29ef15 (from https://pypi.python.org/simple/pycrypto/), version: 2.4.1
    Found link https://pypi.python.org/packages/source/p/pycrypto/pycrypto-2.4.tar.gz#md5=274fa44c30a320d56460a93fdd95e702 (from https://pypi.python.org/simple/pycrypto/), version: 2.4
    Found link https://pypi.python.org/packages/source/p/pycrypto/pycrypto-2.5.tar.gz#md5=783e45d4a1a309e03ab378b00f97b291 (from https://pypi.python.org/simple/pycrypto/), version: 2.5
    Found link https://pypi.python.org/packages/source/p/pycrypto/pycrypto-2.6.1.tar.gz#md5=55a61a054aa66812daf5161a0d5d7eda (from https://pypi.python.org/simple/pycrypto/), version: 2.6.1
    Found link https://pypi.python.org/packages/source/p/pycrypto/pycrypto-2.6.tar.gz#md5=88dad0a270d1fe83a39e0467a66a22bb (from https://pypi.python.org/simple/pycrypto/), version: 2.6
  Using version 2.6.1 (newest of versions: 2.6.1, 2.6, 2.5, 2.4.1, 2.4, 2.3, 2.2, 2.1.0, 2.0.1)
  Downloading from URL https://pypi.python.org/packages/source/p/pycrypto/pycrypto-2.6.1.tar.gz#md5=55a61a054aa66812daf5161a0d5d7eda (from https://pypi.python.org/simple/pycrypto/)
  Running setup.py (path:/home/django/env/build/pycrypto/setup.py) egg_info for package pycrypto
    running egg_info
    creating pip-egg-info/pycrypto.egg-info
    writing dependency_links to pip-egg-info/pycrypto.egg-info/dependency_links.txt
    writing pip-egg-info/pycrypto.egg-info/PKG-INFO
    writing top-level names to pip-egg-info/pycrypto.egg-info/top_level.txt
    writing manifest file 'pip-egg-info/pycrypto.egg-info/SOURCES.txt'
    warning: manifest_maker: standard file '-c' not found
    
    reading manifest file 'pip-egg-info/pycrypto.egg-info/SOURCES.txt'
    reading manifest template 'MANIFEST.in'
    writing manifest file 'pip-egg-info/pycrypto.egg-info/SOURCES.txt'
  Source in /home/django/env/build/pycrypto has version 2.6.1, which satisfies requirement pycrypto
Installing collected packages: pycrypto
  Running setup.py install for pycrypto
    Running command /home/django/env/bin/python -c "import setuptools, tokenize;__file__='/home/django/env/build/pycrypto/setup.py';exec(compile(getattr(tokenize, 'open', open)(__file__).read().replace('\r\n', '\n'), __file__, 'exec'))" install --record /tmp/pip-fi7Tyn-record/install-record.txt --single-version-externally-managed --compile --install-headers /home/django/env/include/site/python2.7
    running install
    running build
    running build_py
    creating build
    creating build/lib.linux-i686-2.7
    creating build/lib.linux-i686-2.7/Crypto
    copying lib/Crypto/pct_warnings.py -> build/lib.linux-i686-2.7/Crypto
    copying lib/Crypto/__init__.py -> build/lib.linux-i686-2.7/Crypto
    creating build/lib.linux-i686-2.7/Crypto/Hash
    copying lib/Crypto/Hash/SHA256.py -> build/lib.linux-i686-2.7/Crypto/Hash
    copying lib/Crypto/Hash/SHA512.py -> build/lib.linux-i686-2.7/Crypto/Hash
    copying lib/Crypto/Hash/HMAC.py -> build/lib.linux-i686-2.7/Crypto/Hash
    copying lib/Crypto/Hash/hashalgo.py -> build/lib.linux-i686-2.7/Crypto/Hash
    copying lib/Crypto/Hash/SHA.py -> build/lib.linux-i686-2.7/Crypto/Hash
    copying lib/Crypto/Hash/MD2.py -> build/lib.linux-i686-2.7/Crypto/Hash
    copying lib/Crypto/Hash/MD5.py -> build/lib.linux-i686-2.7/Crypto/Hash
    copying lib/Crypto/Hash/__init__.py -> build/lib.linux-i686-2.7/Crypto/Hash
    copying lib/Crypto/Hash/MD4.py -> build/lib.linux-i686-2.7/Crypto/Hash
    copying lib/Crypto/Hash/SHA224.py -> build/lib.linux-i686-2.7/Crypto/Hash
    copying lib/Crypto/Hash/SHA384.py -> build/lib.linux-i686-2.7/Crypto/Hash
    copying lib/Crypto/Hash/RIPEMD.py -> build/lib.linux-i686-2.7/Crypto/Hash
    creating build/lib.linux-i686-2.7/Crypto/Cipher
    copying lib/Crypto/Cipher/ARC2.py -> build/lib.linux-i686-2.7/Crypto/Cipher
    copying lib/Crypto/Cipher/ARC4.py -> build/lib.linux-i686-2.7/Crypto/Cipher
    copying lib/Crypto/Cipher/XOR.py -> build/lib.linux-i686-2.7/Crypto/Cipher
    copying lib/Crypto/Cipher/AES.py -> build/lib.linux-i686-2.7/Crypto/Cipher
    copying lib/Crypto/Cipher/PKCS1_v1_5.py -> build/lib.linux-i686-2.7/Crypto/Cipher
    copying lib/Crypto/Cipher/DES.py -> build/lib.linux-i686-2.7/Crypto/Cipher
    copying lib/Crypto/Cipher/blockalgo.py -> build/lib.linux-i686-2.7/Crypto/Cipher
    copying lib/Crypto/Cipher/CAST.py -> build/lib.linux-i686-2.7/Crypto/Cipher
    copying lib/Crypto/Cipher/__init__.py -> build/lib.linux-i686-2.7/Crypto/Cipher
    copying lib/Crypto/Cipher/PKCS1_OAEP.py -> build/lib.linux-i686-2.7/Crypto/Cipher
    copying lib/Crypto/Cipher/DES3.py -> build/lib.linux-i686-2.7/Crypto/Cipher
    copying lib/Crypto/Cipher/Blowfish.py -> build/lib.linux-i686-2.7/Crypto/Cipher
    creating build/lib.linux-i686-2.7/Crypto/Util
    copying lib/Crypto/Util/winrandom.py -> build/lib.linux-i686-2.7/Crypto/Util
    copying lib/Crypto/Util/py3compat.py -> build/lib.linux-i686-2.7/Crypto/Util
    copying lib/Crypto/Util/randpool.py -> build/lib.linux-i686-2.7/Crypto/Util
    copying lib/Crypto/Util/_number_new.py -> build/lib.linux-i686-2.7/Crypto/Util
    copying lib/Crypto/Util/asn1.py -> build/lib.linux-i686-2.7/Crypto/Util
    copying lib/Crypto/Util/RFC1751.py -> build/lib.linux-i686-2.7/Crypto/Util
    copying lib/Crypto/Util/py21compat.py -> build/lib.linux-i686-2.7/Crypto/Util
    copying lib/Crypto/Util/__init__.py -> build/lib.linux-i686-2.7/Crypto/Util
    copying lib/Crypto/Util/Counter.py -> build/lib.linux-i686-2.7/Crypto/Util
    copying lib/Crypto/Util/number.py -> build/lib.linux-i686-2.7/Crypto/Util
    creating build/lib.linux-i686-2.7/Crypto/Random
    copying lib/Crypto/Random/_UserFriendlyRNG.py -> build/lib.linux-i686-2.7/Crypto/Random
    copying lib/Crypto/Random/__init__.py -> build/lib.linux-i686-2.7/Crypto/Random
    copying lib/Crypto/Random/random.py -> build/lib.linux-i686-2.7/Crypto/Random
    creating build/lib.linux-i686-2.7/Crypto/Random/Fortuna
    copying lib/Crypto/Random/Fortuna/FortunaAccumulator.py -> build/lib.linux-i686-2.7/Crypto/Random/Fortuna
    copying lib/Crypto/Random/Fortuna/FortunaGenerator.py -> build/lib.linux-i686-2.7/Crypto/Random/Fortuna
    copying lib/Crypto/Random/Fortuna/__init__.py -> build/lib.linux-i686-2.7/Crypto/Random/Fortuna
    copying lib/Crypto/Random/Fortuna/SHAd256.py -> build/lib.linux-i686-2.7/Crypto/Random/Fortuna
    creating build/lib.linux-i686-2.7/Crypto/Random/OSRNG
    copying lib/Crypto/Random/OSRNG/rng_base.py -> build/lib.linux-i686-2.7/Crypto/Random/OSRNG
    copying lib/Crypto/Random/OSRNG/posix.py -> build/lib.linux-i686-2.7/Crypto/Random/OSRNG
    copying lib/Crypto/Random/OSRNG/nt.py -> build/lib.linux-i686-2.7/Crypto/Random/OSRNG
    copying lib/Crypto/Random/OSRNG/__init__.py -> build/lib.linux-i686-2.7/Crypto/Random/OSRNG
    copying lib/Crypto/Random/OSRNG/fallback.py -> build/lib.linux-i686-2.7/Crypto/Random/OSRNG
    creating build/lib.linux-i686-2.7/Crypto/SelfTest
    copying lib/Crypto/SelfTest/st_common.py -> build/lib.linux-i686-2.7/Crypto/SelfTest
    copying lib/Crypto/SelfTest/__init__.py -> build/lib.linux-i686-2.7/Crypto/SelfTest
    creating build/lib.linux-i686-2.7/Crypto/SelfTest/Cipher
    copying lib/Crypto/SelfTest/Cipher/test_Blowfish.py -> build/lib.linux-i686-2.7/Crypto/SelfTest/Cipher
    copying lib/Crypto/SelfTest/Cipher/test_ARC4.py -> build/lib.linux-i686-2.7/Crypto/SelfTest/Cipher
    copying lib/Crypto/SelfTest/Cipher/test_CAST.py -> build/lib.linux-i686-2.7/Crypto/SelfTest/Cipher
    copying lib/Crypto/SelfTest/Cipher/test_ARC2.py -> build/lib.linux-i686-2.7/Crypto/SelfTest/Cipher
    copying lib/Crypto/SelfTest/Cipher/test_AES.py -> build/lib.linux-i686-2.7/Crypto/SelfTest/Cipher
    copying lib/Crypto/SelfTest/Cipher/test_DES.py -> build/lib.linux-i686-2.7/Crypto/SelfTest/Cipher
    copying lib/Crypto/SelfTest/Cipher/__init__.py -> build/lib.linux-i686-2.7/Crypto/SelfTest/Cipher
    copying lib/Crypto/SelfTest/Cipher/test_DES3.py -> build/lib.linux-i686-2.7/Crypto/SelfTest/Cipher
    copying lib/Crypto/SelfTest/Cipher/common.py -> build/lib.linux-i686-2.7/Crypto/SelfTest/Cipher
    copying lib/Crypto/SelfTest/Cipher/test_pkcs1_15.py -> build/lib.linux-i686-2.7/Crypto/SelfTest/Cipher
    copying lib/Crypto/SelfTest/Cipher/test_pkcs1_oaep.py -> build/lib.linux-i686-2.7/Crypto/SelfTest/Cipher
    copying lib/Crypto/SelfTest/Cipher/test_XOR.py -> build/lib.linux-i686-2.7/Crypto/SelfTest/Cipher
    creating build/lib.linux-i686-2.7/Crypto/SelfTest/Hash
    copying lib/Crypto/SelfTest/Hash/test_MD5.py -> build/lib.linux-i686-2.7/Crypto/SelfTest/Hash
    copying lib/Crypto/SelfTest/Hash/test_HMAC.py -> build/lib.linux-i686-2.7/Crypto/SelfTest/Hash
    copying lib/Crypto/SelfTest/Hash/test_MD2.py -> build/lib.linux-i686-2.7/Crypto/SelfTest/Hash
    copying lib/Crypto/SelfTest/Hash/test_RIPEMD.py -> build/lib.linux-i686-2.7/Crypto/SelfTest/Hash
    copying lib/Crypto/SelfTest/Hash/test_SHA384.py -> build/lib.linux-i686-2.7/Crypto/SelfTest/Hash
    copying lib/Crypto/SelfTest/Hash/test_SHA224.py -> build/lib.linux-i686-2.7/Crypto/SelfTest/Hash
    copying lib/Crypto/SelfTest/Hash/__init__.py -> build/lib.linux-i686-2.7/Crypto/SelfTest/Hash
    copying lib/Crypto/SelfTest/Hash/common.py -> build/lib.linux-i686-2.7/Crypto/SelfTest/Hash
    copying lib/Crypto/SelfTest/Hash/test_SHA512.py -> build/lib.linux-i686-2.7/Crypto/SelfTest/Hash
    copying lib/Crypto/SelfTest/Hash/test_SHA.py -> build/lib.linux-i686-2.7/Crypto/SelfTest/Hash
    copying lib/Crypto/SelfTest/Hash/test_SHA256.py -> build/lib.linux-i686-2.7/Crypto/SelfTest/Hash
    copying lib/Crypto/SelfTest/Hash/test_MD4.py -> build/lib.linux-i686-2.7/Crypto/SelfTest/Hash
    creating build/lib.linux-i686-2.7/Crypto/SelfTest/Protocol
    copying lib/Crypto/SelfTest/Protocol/test_KDF.py -> build/lib.linux-i686-2.7/Crypto/SelfTest/Protocol
    copying lib/Crypto/SelfTest/Protocol/test_rfc1751.py -> build/lib.linux-i686-2.7/Crypto/SelfTest/Protocol
    copying lib/Crypto/SelfTest/Protocol/test_AllOrNothing.py -> build/lib.linux-i686-2.7/Crypto/SelfTest/Protocol
    copying lib/Crypto/SelfTest/Protocol/__init__.py -> build/lib.linux-i686-2.7/Crypto/SelfTest/Protocol
    copying lib/Crypto/SelfTest/Protocol/test_chaffing.py -> build/lib.linux-i686-2.7/Crypto/SelfTest/Protocol
    creating build/lib.linux-i686-2.7/Crypto/SelfTest/PublicKey
    copying lib/Crypto/SelfTest/PublicKey/test_ElGamal.py -> build/lib.linux-i686-2.7/Crypto/SelfTest/PublicKey
    copying lib/Crypto/SelfTest/PublicKey/test_importKey.py -> build/lib.linux-i686-2.7/Crypto/SelfTest/PublicKey
    copying lib/Crypto/SelfTest/PublicKey/test_RSA.py -> build/lib.linux-i686-2.7/Crypto/SelfTest/PublicKey
    copying lib/Crypto/SelfTest/PublicKey/test_DSA.py -> build/lib.linux-i686-2.7/Crypto/SelfTest/PublicKey
    copying lib/Crypto/SelfTest/PublicKey/__init__.py -> build/lib.linux-i686-2.7/Crypto/SelfTest/PublicKey
    creating build/lib.linux-i686-2.7/Crypto/SelfTest/Random
    copying lib/Crypto/SelfTest/Random/test__UserFriendlyRNG.py -> build/lib.linux-i686-2.7/Crypto/SelfTest/Random
    copying lib/Crypto/SelfTest/Random/test_rpoolcompat.py -> build/lib.linux-i686-2.7/Crypto/SelfTest/Random
    copying lib/Crypto/SelfTest/Random/__init__.py -> build/lib.linux-i686-2.7/Crypto/SelfTest/Random
    copying lib/Crypto/SelfTest/Random/test_random.py -> build/lib.linux-i686-2.7/Crypto/SelfTest/Random
    creating build/lib.linux-i686-2.7/Crypto/SelfTest/Random/Fortuna
    copying lib/Crypto/SelfTest/Random/Fortuna/test_FortunaAccumulator.py -> build/lib.linux-i686-2.7/Crypto/SelfTest/Random/Fortuna
    copying lib/Crypto/SelfTest/Random/Fortuna/test_FortunaGenerator.py -> build/lib.linux-i686-2.7/Crypto/SelfTest/Random/Fortuna
    copying lib/Crypto/SelfTest/Random/Fortuna/test_SHAd256.py -> build/lib.linux-i686-2.7/Crypto/SelfTest/Random/Fortuna
    copying lib/Crypto/SelfTest/Random/Fortuna/__init__.py -> build/lib.linux-i686-2.7/Crypto/SelfTest/Random/Fortuna
    creating build/lib.linux-i686-2.7/Crypto/SelfTest/Random/OSRNG
    copying lib/Crypto/SelfTest/Random/OSRNG/test_winrandom.py -> build/lib.linux-i686-2.7/Crypto/SelfTest/Random/OSRNG
    copying lib/Crypto/SelfTest/Random/OSRNG/test_nt.py -> build/lib.linux-i686-2.7/Crypto/SelfTest/Random/OSRNG
    copying lib/Crypto/SelfTest/Random/OSRNG/test_fallback.py -> build/lib.linux-i686-2.7/Crypto/SelfTest/Random/OSRNG
    copying lib/Crypto/SelfTest/Random/OSRNG/__init__.py -> build/lib.linux-i686-2.7/Crypto/SelfTest/Random/OSRNG
    copying lib/Crypto/SelfTest/Random/OSRNG/test_generic.py -> build/lib.linux-i686-2.7/Crypto/SelfTest/Random/OSRNG
    copying lib/Crypto/SelfTest/Random/OSRNG/test_posix.py -> build/lib.linux-i686-2.7/Crypto/SelfTest/Random/OSRNG
    creating build/lib.linux-i686-2.7/Crypto/SelfTest/Util
    copying lib/Crypto/SelfTest/Util/test_winrandom.py -> build/lib.linux-i686-2.7/Crypto/SelfTest/Util
    copying lib/Crypto/SelfTest/Util/test_number.py -> build/lib.linux-i686-2.7/Crypto/SelfTest/Util
    copying lib/Crypto/SelfTest/Util/__init__.py -> build/lib.linux-i686-2.7/Crypto/SelfTest/Util
    copying lib/Crypto/SelfTest/Util/test_asn1.py -> build/lib.linux-i686-2.7/Crypto/SelfTest/Util
    copying lib/Crypto/SelfTest/Util/test_Counter.py -> build/lib.linux-i686-2.7/Crypto/SelfTest/Util
    creating build/lib.linux-i686-2.7/Crypto/SelfTest/Signature
    copying lib/Crypto/SelfTest/Signature/test_pkcs1_pss.py -> build/lib.linux-i686-2.7/Crypto/SelfTest/Signature
    copying lib/Crypto/SelfTest/Signature/__init__.py -> build/lib.linux-i686-2.7/Crypto/SelfTest/Signature
    copying lib/Crypto/SelfTest/Signature/test_pkcs1_15.py -> build/lib.linux-i686-2.7/Crypto/SelfTest/Signature
    creating build/lib.linux-i686-2.7/Crypto/Protocol
    copying lib/Crypto/Protocol/AllOrNothing.py -> build/lib.linux-i686-2.7/Crypto/Protocol
    copying lib/Crypto/Protocol/Chaffing.py -> build/lib.linux-i686-2.7/Crypto/Protocol
    copying lib/Crypto/Protocol/KDF.py -> build/lib.linux-i686-2.7/Crypto/Protocol
    copying lib/Crypto/Protocol/__init__.py -> build/lib.linux-i686-2.7/Crypto/Protocol
    creating build/lib.linux-i686-2.7/Crypto/PublicKey
    copying lib/Crypto/PublicKey/RSA.py -> build/lib.linux-i686-2.7/Crypto/PublicKey
    copying lib/Crypto/PublicKey/ElGamal.py -> build/lib.linux-i686-2.7/Crypto/PublicKey
    copying lib/Crypto/PublicKey/_RSA.py -> build/lib.linux-i686-2.7/Crypto/PublicKey
    copying lib/Crypto/PublicKey/pubkey.py -> build/lib.linux-i686-2.7/Crypto/PublicKey
    copying lib/Crypto/PublicKey/DSA.py -> build/lib.linux-i686-2.7/Crypto/PublicKey
    copying lib/Crypto/PublicKey/_DSA.py -> build/lib.linux-i686-2.7/Crypto/PublicKey
    copying lib/Crypto/PublicKey/__init__.py -> build/lib.linux-i686-2.7/Crypto/PublicKey
    copying lib/Crypto/PublicKey/_slowmath.py -> build/lib.linux-i686-2.7/Crypto/PublicKey
    creating build/lib.linux-i686-2.7/Crypto/Signature
    copying lib/Crypto/Signature/PKCS1_PSS.py -> build/lib.linux-i686-2.7/Crypto/Signature
    copying lib/Crypto/Signature/PKCS1_v1_5.py -> build/lib.linux-i686-2.7/Crypto/Signature
    copying lib/Crypto/Signature/__init__.py -> build/lib.linux-i686-2.7/Crypto/Signature
    running build_ext
    running build_configure
    checking for gcc... gcc
    checking whether the C compiler works... yes
    checking for C compiler default output file name... a.out
    checking for suffix of executables...
    checking whether we are cross compiling... no
    checking for suffix of object files... o
    checking whether we are using the GNU C compiler... yes
    checking whether gcc accepts -g... yes
    checking for gcc option to accept ISO C89... none needed
    checking for __gmpz_init in -lgmp... yes
    checking for __gmpz_init in -lmpir... no
    checking whether mpz_powm is declared... yes
    checking whether mpz_powm_sec is declared... yes
    checking how to run the C preprocessor... gcc -E
    checking for grep that handles long lines and -e... /bin/grep
    checking for egrep... /bin/grep -E
    checking for ANSI C header files... yes
    checking for sys/types.h... yes
    checking for sys/stat.h... yes
    checking for stdlib.h... yes
    checking for string.h... yes
    checking for memory.h... yes
    checking for strings.h... yes
    checking for inttypes.h... yes
    checking for stdint.h... yes
    checking for unistd.h... yes
    checking for inttypes.h... (cached) yes
    checking limits.h usability... yes
    checking limits.h presence... yes
    checking for limits.h... yes
    checking stddef.h usability... yes
    checking stddef.h presence... yes
    checking for stddef.h... yes
    checking for stdint.h... (cached) yes
    checking for stdlib.h... (cached) yes
    checking for string.h... (cached) yes
    checking wchar.h usability... yes
    checking wchar.h presence... yes
    checking for wchar.h... yes
    checking for inline... inline
    checking for int16_t... yes
    checking for int32_t... yes
    checking for int64_t... yes
    checking for int8_t... yes
    checking for size_t... yes
    checking for uint16_t... yes
    checking for uint32_t... yes
    checking for uint64_t... yes
    checking for uint8_t... yes
    checking for stdlib.h... (cached) yes
    checking for GNU libc compatible malloc... yes
    checking for memmove... yes
    checking for memset... yes
    configure: creating ./config.status
    config.status: creating src/config.h
    building 'Crypto.PublicKey._fastmath' extension
    creating build/temp.linux-i686-2.7
    creating build/temp.linux-i686-2.7/src
    i686-linux-gnu-gcc -pthread -fno-strict-aliasing -fwrapv -Wall -Wstrict-prototypes -fPIC -std=c99 -O3 -fomit-frame-pointer -Isrc/ -I/usr/include/ -I/usr/include/python2.7 -c src/_fastmath.c -o build/temp.linux-i686-2.7/src/_fastmath.o
    src/_fastmath.c:31:20: fatal error: Python.h: No such file or directory
     #include "Python.h"
                        ^
    compilation terminated.
    error: command 'i686-linux-gnu-gcc' failed with exit status 1
    Complete output from command /home/django/env/bin/python -c "import setuptools, tokenize;__file__='/home/django/env/build/pycrypto/setup.py';exec(compile(getattr(tokenize, 'open', open)(__file__).read().replace('\r\n', '\n'), __file__, 'exec'))" install --record /tmp/pip-fi7Tyn-record/install-record.txt --single-version-externally-managed --compile --install-headers /home/django/env/include/site/python2.7:
    running install

running build

running build_py

creating build

creating build/lib.linux-i686-2.7

creating build/lib.linux-i686-2.7/Crypto

copying lib/Crypto/pct_warnings.py -> build/lib.linux-i686-2.7/Crypto

copying lib/Crypto/__init__.py -> build/lib.linux-i686-2.7/Crypto

creating build/lib.linux-i686-2.7/Crypto/Hash

copying lib/Crypto/Hash/SHA256.py -> build/lib.linux-i686-2.7/Crypto/Hash

copying lib/Crypto/Hash/SHA512.py -> build/lib.linux-i686-2.7/Crypto/Hash

copying lib/Crypto/Hash/HMAC.py -> build/lib.linux-i686-2.7/Crypto/Hash

copying lib/Crypto/Hash/hashalgo.py -> build/lib.linux-i686-2.7/Crypto/Hash

copying lib/Crypto/Hash/SHA.py -> build/lib.linux-i686-2.7/Crypto/Hash

copying lib/Crypto/Hash/MD2.py -> build/lib.linux-i686-2.7/Crypto/Hash

copying lib/Crypto/Hash/MD5.py -> build/lib.linux-i686-2.7/Crypto/Hash

copying lib/Crypto/Hash/__init__.py -> build/lib.linux-i686-2.7/Crypto/Hash

copying lib/Crypto/Hash/MD4.py -> build/lib.linux-i686-2.7/Crypto/Hash

copying lib/Crypto/Hash/SHA224.py -> build/lib.linux-i686-2.7/Crypto/Hash

copying lib/Crypto/Hash/SHA384.py -> build/lib.linux-i686-2.7/Crypto/Hash

copying lib/Crypto/Hash/RIPEMD.py -> build/lib.linux-i686-2.7/Crypto/Hash

creating build/lib.linux-i686-2.7/Crypto/Cipher

copying lib/Crypto/Cipher/ARC2.py -> build/lib.linux-i686-2.7/Crypto/Cipher

copying lib/Crypto/Cipher/ARC4.py -> build/lib.linux-i686-2.7/Crypto/Cipher

copying lib/Crypto/Cipher/XOR.py -> build/lib.linux-i686-2.7/Crypto/Cipher

copying lib/Crypto/Cipher/AES.py -> build/lib.linux-i686-2.7/Crypto/Cipher

copying lib/Crypto/Cipher/PKCS1_v1_5.py -> build/lib.linux-i686-2.7/Crypto/Cipher

copying lib/Crypto/Cipher/DES.py -> build/lib.linux-i686-2.7/Crypto/Cipher

copying lib/Crypto/Cipher/blockalgo.py -> build/lib.linux-i686-2.7/Crypto/Cipher

copying lib/Crypto/Cipher/CAST.py -> build/lib.linux-i686-2.7/Crypto/Cipher

copying lib/Crypto/Cipher/__init__.py -> build/lib.linux-i686-2.7/Crypto/Cipher

copying lib/Crypto/Cipher/PKCS1_OAEP.py -> build/lib.linux-i686-2.7/Crypto/Cipher

copying lib/Crypto/Cipher/DES3.py -> build/lib.linux-i686-2.7/Crypto/Cipher

copying lib/Crypto/Cipher/Blowfish.py -> build/lib.linux-i686-2.7/Crypto/Cipher

creating build/lib.linux-i686-2.7/Crypto/Util

copying lib/Crypto/Util/winrandom.py -> build/lib.linux-i686-2.7/Crypto/Util

copying lib/Crypto/Util/py3compat.py -> build/lib.linux-i686-2.7/Crypto/Util

copying lib/Crypto/Util/randpool.py -> build/lib.linux-i686-2.7/Crypto/Util

copying lib/Crypto/Util/_number_new.py -> build/lib.linux-i686-2.7/Crypto/Util

copying lib/Crypto/Util/asn1.py -> build/lib.linux-i686-2.7/Crypto/Util

copying lib/Crypto/Util/RFC1751.py -> build/lib.linux-i686-2.7/Crypto/Util

copying lib/Crypto/Util/py21compat.py -> build/lib.linux-i686-2.7/Crypto/Util

copying lib/Crypto/Util/__init__.py -> build/lib.linux-i686-2.7/Crypto/Util

copying lib/Crypto/Util/Counter.py -> build/lib.linux-i686-2.7/Crypto/Util

copying lib/Crypto/Util/number.py -> build/lib.linux-i686-2.7/Crypto/Util

creating build/lib.linux-i686-2.7/Crypto/Random

copying lib/Crypto/Random/_UserFriendlyRNG.py -> build/lib.linux-i686-2.7/Crypto/Random

copying lib/Crypto/Random/__init__.py -> build/lib.linux-i686-2.7/Crypto/Random

copying lib/Crypto/Random/random.py -> build/lib.linux-i686-2.7/Crypto/Random

creating build/lib.linux-i686-2.7/Crypto/Random/Fortuna

copying lib/Crypto/Random/Fortuna/FortunaAccumulator.py -> build/lib.linux-i686-2.7/Crypto/Random/Fortuna

copying lib/Crypto/Random/Fortuna/FortunaGenerator.py -> build/lib.linux-i686-2.7/Crypto/Random/Fortuna

copying lib/Crypto/Random/Fortuna/__init__.py -> build/lib.linux-i686-2.7/Crypto/Random/Fortuna

copying lib/Crypto/Random/Fortuna/SHAd256.py -> build/lib.linux-i686-2.7/Crypto/Random/Fortuna

creating build/lib.linux-i686-2.7/Crypto/Random/OSRNG

copying lib/Crypto/Random/OSRNG/rng_base.py -> build/lib.linux-i686-2.7/Crypto/Random/OSRNG

copying lib/Crypto/Random/OSRNG/posix.py -> build/lib.linux-i686-2.7/Crypto/Random/OSRNG

copying lib/Crypto/Random/OSRNG/nt.py -> build/lib.linux-i686-2.7/Crypto/Random/OSRNG

copying lib/Crypto/Random/OSRNG/__init__.py -> build/lib.linux-i686-2.7/Crypto/Random/OSRNG

copying lib/Crypto/Random/OSRNG/fallback.py -> build/lib.linux-i686-2.7/Crypto/Random/OSRNG

creating build/lib.linux-i686-2.7/Crypto/SelfTest

copying lib/Crypto/SelfTest/st_common.py -> build/lib.linux-i686-2.7/Crypto/SelfTest

copying lib/Crypto/SelfTest/__init__.py -> build/lib.linux-i686-2.7/Crypto/SelfTest

creating build/lib.linux-i686-2.7/Crypto/SelfTest/Cipher

copying lib/Crypto/SelfTest/Cipher/test_Blowfish.py -> build/lib.linux-i686-2.7/Crypto/SelfTest/Cipher

copying lib/Crypto/SelfTest/Cipher/test_ARC4.py -> build/lib.linux-i686-2.7/Crypto/SelfTest/Cipher

copying lib/Crypto/SelfTest/Cipher/test_CAST.py -> build/lib.linux-i686-2.7/Crypto/SelfTest/Cipher

copying lib/Crypto/SelfTest/Cipher/test_ARC2.py -> build/lib.linux-i686-2.7/Crypto/SelfTest/Cipher

copying lib/Crypto/SelfTest/Cipher/test_AES.py -> build/lib.linux-i686-2.7/Crypto/SelfTest/Cipher

copying lib/Crypto/SelfTest/Cipher/test_DES.py -> build/lib.linux-i686-2.7/Crypto/SelfTest/Cipher

copying lib/Crypto/SelfTest/Cipher/__init__.py -> build/lib.linux-i686-2.7/Crypto/SelfTest/Cipher

copying lib/Crypto/SelfTest/Cipher/test_DES3.py -> build/lib.linux-i686-2.7/Crypto/SelfTest/Cipher

copying lib/Crypto/SelfTest/Cipher/common.py -> build/lib.linux-i686-2.7/Crypto/SelfTest/Cipher

copying lib/Crypto/SelfTest/Cipher/test_pkcs1_15.py -> build/lib.linux-i686-2.7/Crypto/SelfTest/Cipher

copying lib/Crypto/SelfTest/Cipher/test_pkcs1_oaep.py -> build/lib.linux-i686-2.7/Crypto/SelfTest/Cipher

copying lib/Crypto/SelfTest/Cipher/test_XOR.py -> build/lib.linux-i686-2.7/Crypto/SelfTest/Cipher

creating build/lib.linux-i686-2.7/Crypto/SelfTest/Hash

copying lib/Crypto/SelfTest/Hash/test_MD5.py -> build/lib.linux-i686-2.7/Crypto/SelfTest/Hash

copying lib/Crypto/SelfTest/Hash/test_HMAC.py -> build/lib.linux-i686-2.7/Crypto/SelfTest/Hash

copying lib/Crypto/SelfTest/Hash/test_MD2.py -> build/lib.linux-i686-2.7/Crypto/SelfTest/Hash

copying lib/Crypto/SelfTest/Hash/test_RIPEMD.py -> build/lib.linux-i686-2.7/Crypto/SelfTest/Hash

copying lib/Crypto/SelfTest/Hash/test_SHA384.py -> build/lib.linux-i686-2.7/Crypto/SelfTest/Hash

copying lib/Crypto/SelfTest/Hash/test_SHA224.py -> build/lib.linux-i686-2.7/Crypto/SelfTest/Hash

copying lib/Crypto/SelfTest/Hash/__init__.py -> build/lib.linux-i686-2.7/Crypto/SelfTest/Hash

copying lib/Crypto/SelfTest/Hash/common.py -> build/lib.linux-i686-2.7/Crypto/SelfTest/Hash

copying lib/Crypto/SelfTest/Hash/test_SHA512.py -> build/lib.linux-i686-2.7/Crypto/SelfTest/Hash

copying lib/Crypto/SelfTest/Hash/test_SHA.py -> build/lib.linux-i686-2.7/Crypto/SelfTest/Hash

copying lib/Crypto/SelfTest/Hash/test_SHA256.py -> build/lib.linux-i686-2.7/Crypto/SelfTest/Hash

copying lib/Crypto/SelfTest/Hash/test_MD4.py -> build/lib.linux-i686-2.7/Crypto/SelfTest/Hash

creating build/lib.linux-i686-2.7/Crypto/SelfTest/Protocol

copying lib/Crypto/SelfTest/Protocol/test_KDF.py -> build/lib.linux-i686-2.7/Crypto/SelfTest/Protocol

copying lib/Crypto/SelfTest/Protocol/test_rfc1751.py -> build/lib.linux-i686-2.7/Crypto/SelfTest/Protocol

copying lib/Crypto/SelfTest/Protocol/test_AllOrNothing.py -> build/lib.linux-i686-2.7/Crypto/SelfTest/Protocol

copying lib/Crypto/SelfTest/Protocol/__init__.py -> build/lib.linux-i686-2.7/Crypto/SelfTest/Protocol

copying lib/Crypto/SelfTest/Protocol/test_chaffing.py -> build/lib.linux-i686-2.7/Crypto/SelfTest/Protocol

creating build/lib.linux-i686-2.7/Crypto/SelfTest/PublicKey

copying lib/Crypto/SelfTest/PublicKey/test_ElGamal.py -> build/lib.linux-i686-2.7/Crypto/SelfTest/PublicKey

copying lib/Crypto/SelfTest/PublicKey/test_importKey.py -> build/lib.linux-i686-2.7/Crypto/SelfTest/PublicKey

copying lib/Crypto/SelfTest/PublicKey/test_RSA.py -> build/lib.linux-i686-2.7/Crypto/SelfTest/PublicKey

copying lib/Crypto/SelfTest/PublicKey/test_DSA.py -> build/lib.linux-i686-2.7/Crypto/SelfTest/PublicKey

copying lib/Crypto/SelfTest/PublicKey/__init__.py -> build/lib.linux-i686-2.7/Crypto/SelfTest/PublicKey

creating build/lib.linux-i686-2.7/Crypto/SelfTest/Random

copying lib/Crypto/SelfTest/Random/test__UserFriendlyRNG.py -> build/lib.linux-i686-2.7/Crypto/SelfTest/Random

copying lib/Crypto/SelfTest/Random/test_rpoolcompat.py -> build/lib.linux-i686-2.7/Crypto/SelfTest/Random

copying lib/Crypto/SelfTest/Random/__init__.py -> build/lib.linux-i686-2.7/Crypto/SelfTest/Random

copying lib/Crypto/SelfTest/Random/test_random.py -> build/lib.linux-i686-2.7/Crypto/SelfTest/Random

creating build/lib.linux-i686-2.7/Crypto/SelfTest/Random/Fortuna

copying lib/Crypto/SelfTest/Random/Fortuna/test_FortunaAccumulator.py -> build/lib.linux-i686-2.7/Crypto/SelfTest/Random/Fortuna

copying lib/Crypto/SelfTest/Random/Fortuna/test_FortunaGenerator.py -> build/lib.linux-i686-2.7/Crypto/SelfTest/Random/Fortuna

copying lib/Crypto/SelfTest/Random/Fortuna/test_SHAd256.py -> build/lib.linux-i686-2.7/Crypto/SelfTest/Random/Fortuna

copying lib/Crypto/SelfTest/Random/Fortuna/__init__.py -> build/lib.linux-i686-2.7/Crypto/SelfTest/Random/Fortuna

creating build/lib.linux-i686-2.7/Crypto/SelfTest/Random/OSRNG

copying lib/Crypto/SelfTest/Random/OSRNG/test_winrandom.py -> build/lib.linux-i686-2.7/Crypto/SelfTest/Random/OSRNG

copying lib/Crypto/SelfTest/Random/OSRNG/test_nt.py -> build/lib.linux-i686-2.7/Crypto/SelfTest/Random/OSRNG

copying lib/Crypto/SelfTest/Random/OSRNG/test_fallback.py -> build/lib.linux-i686-2.7/Crypto/SelfTest/Random/OSRNG

copying lib/Crypto/SelfTest/Random/OSRNG/__init__.py -> build/lib.linux-i686-2.7/Crypto/SelfTest/Random/OSRNG

copying lib/Crypto/SelfTest/Random/OSRNG/test_generic.py -> build/lib.linux-i686-2.7/Crypto/SelfTest/Random/OSRNG

copying lib/Crypto/SelfTest/Random/OSRNG/test_posix.py -> build/lib.linux-i686-2.7/Crypto/SelfTest/Random/OSRNG

creating build/lib.linux-i686-2.7/Crypto/SelfTest/Util

copying lib/Crypto/SelfTest/Util/test_winrandom.py -> build/lib.linux-i686-2.7/Crypto/SelfTest/Util

copying lib/Crypto/SelfTest/Util/test_number.py -> build/lib.linux-i686-2.7/Crypto/SelfTest/Util

copying lib/Crypto/SelfTest/Util/__init__.py -> build/lib.linux-i686-2.7/Crypto/SelfTest/Util

copying lib/Crypto/SelfTest/Util/test_asn1.py -> build/lib.linux-i686-2.7/Crypto/SelfTest/Util

copying lib/Crypto/SelfTest/Util/test_Counter.py -> build/lib.linux-i686-2.7/Crypto/SelfTest/Util

creating build/lib.linux-i686-2.7/Crypto/SelfTest/Signature

copying lib/Crypto/SelfTest/Signature/test_pkcs1_pss.py -> build/lib.linux-i686-2.7/Crypto/SelfTest/Signature

copying lib/Crypto/SelfTest/Signature/__init__.py -> build/lib.linux-i686-2.7/Crypto/SelfTest/Signature

copying lib/Crypto/SelfTest/Signature/test_pkcs1_15.py -> build/lib.linux-i686-2.7/Crypto/SelfTest/Signature

creating build/lib.linux-i686-2.7/Crypto/Protocol

copying lib/Crypto/Protocol/AllOrNothing.py -> build/lib.linux-i686-2.7/Crypto/Protocol

copying lib/Crypto/Protocol/Chaffing.py -> build/lib.linux-i686-2.7/Crypto/Protocol

copying lib/Crypto/Protocol/KDF.py -> build/lib.linux-i686-2.7/Crypto/Protocol

copying lib/Crypto/Protocol/__init__.py -> build/lib.linux-i686-2.7/Crypto/Protocol

creating build/lib.linux-i686-2.7/Crypto/PublicKey

copying lib/Crypto/PublicKey/RSA.py -> build/lib.linux-i686-2.7/Crypto/PublicKey

copying lib/Crypto/PublicKey/ElGamal.py -> build/lib.linux-i686-2.7/Crypto/PublicKey

copying lib/Crypto/PublicKey/_RSA.py -> build/lib.linux-i686-2.7/Crypto/PublicKey

copying lib/Crypto/PublicKey/pubkey.py -> build/lib.linux-i686-2.7/Crypto/PublicKey

copying lib/Crypto/PublicKey/DSA.py -> build/lib.linux-i686-2.7/Crypto/PublicKey

copying lib/Crypto/PublicKey/_DSA.py -> build/lib.linux-i686-2.7/Crypto/PublicKey

copying lib/Crypto/PublicKey/__init__.py -> build/lib.linux-i686-2.7/Crypto/PublicKey

copying lib/Crypto/PublicKey/_slowmath.py -> build/lib.linux-i686-2.7/Crypto/PublicKey

creating build/lib.linux-i686-2.7/Crypto/Signature

copying lib/Crypto/Signature/PKCS1_PSS.py -> build/lib.linux-i686-2.7/Crypto/Signature

copying lib/Crypto/Signature/PKCS1_v1_5.py -> build/lib.linux-i686-2.7/Crypto/Signature

copying lib/Crypto/Signature/__init__.py -> build/lib.linux-i686-2.7/Crypto/Signature

running build_ext

running build_configure

checking for gcc... gcc

checking whether the C compiler works... yes

checking for C compiler default output file name... a.out

checking for suffix of executables...

checking whether we are cross compiling... no

checking for suffix of object files... o

checking whether we are using the GNU C compiler... yes

checking whether gcc accepts -g... yes

checking for gcc option to accept ISO C89... none needed

checking for __gmpz_init in -lgmp... yes

checking for __gmpz_init in -lmpir... no

checking whether mpz_powm is declared... yes

checking whether mpz_powm_sec is declared... yes

checking how to run the C preprocessor... gcc -E

checking for grep that handles long lines and -e... /bin/grep

checking for egrep... /bin/grep -E

checking for ANSI C header files... yes

checking for sys/types.h... yes

checking for sys/stat.h... yes

checking for stdlib.h... yes

checking for string.h... yes

checking for memory.h... yes

checking for strings.h... yes

checking for inttypes.h... yes

checking for stdint.h... yes

checking for unistd.h... yes

checking for inttypes.h... (cached) yes

checking limits.h usability... yes

checking limits.h presence... yes

checking for limits.h... yes

checking stddef.h usability... yes

checking stddef.h presence... yes

checking for stddef.h... yes

checking for stdint.h... (cached) yes

checking for stdlib.h... (cached) yes

checking for string.h... (cached) yes

checking wchar.h usability... yes

checking wchar.h presence... yes

checking for wchar.h... yes

checking for inline... inline

checking for int16_t... yes

checking for int32_t... yes

checking for int64_t... yes

checking for int8_t... yes

checking for size_t... yes

checking for uint16_t... yes

checking for uint32_t... yes

checking for uint64_t... yes

checking for uint8_t... yes

checking for stdlib.h... (cached) yes

checking for GNU libc compatible malloc... yes

checking for memmove... yes

checking for memset... yes

configure: creating ./config.status

config.status: creating src/config.h

building 'Crypto.PublicKey._fastmath' extension

creating build/temp.linux-i686-2.7

creating build/temp.linux-i686-2.7/src

i686-linux-gnu-gcc -pthread -fno-strict-aliasing -fwrapv -Wall -Wstrict-prototypes -fPIC -std=c99 -O3 -fomit-frame-pointer -Isrc/ -I/usr/include/ -I/usr/include/python2.7 -c src/_fastmath.c -o build/temp.linux-i686-2.7/src/_fastmath.o

src/_fastmath.c:31:20: fatal error: Python.h: No such file or directory

 #include "Python.h"

                    ^

compilation terminated.

error: command 'i686-linux-gnu-gcc' failed with exit status 1

----------------------------------------
Cleaning up...
  Removing temporary dir /home/django/env/build...
Command /home/django/env/bin/python -c "import setuptools, tokenize;__file__='/home/django/env/build/pycrypto/setup.py';exec(compile(getattr(tokenize, 'open', open)(__file__).read().replace('\r\n', '\n'), __file__, 'exec'))" install --record /tmp/pip-fi7Tyn-record/install-record.txt --single-version-externally-managed --compile --install-headers /home/django/env/include/site/python2.7 failed with error code 1 in /home/django/env/build/pycrypto
Exception information:
Traceback (most recent call last):
  File "/home/django/env/local/lib/python2.7/site-packages/pip/basecommand.py", line 122, in main
    status = self.run(options, args)
  File "/home/django/env/local/lib/python2.7/site-packages/pip/commands/install.py", line 283, in run
    requirement_set.install(install_options, global_options, root=options.root_path)
  File "/home/django/env/local/lib/python2.7/site-packages/pip/req.py", line 1435, in install
    requirement.install(install_options, global_options, *args, **kwargs)
  File "/home/django/env/local/lib/python2.7/site-packages/pip/req.py", line 706, in install
    cwd=self.source_dir, filter_stdout=self._filter_install, show_stdout=False)
  File "/home/django/env/local/lib/python2.7/site-packages/pip/util.py", line 697, in call_subprocess
    % (command_desc, proc.returncode, cwd))
InstallationError: Command /home/django/env/bin/python -c "import setuptools, tokenize;__file__='/home/django/env/build/pycrypto/setup.py';exec(compile(getattr(tokenize, 'open', open)(__file__).read().replace('\r\n', '\n'), __file__, 'exec'))" install --record /tmp/pip-fi7Tyn-record/install-record.txt --single-version-externally-managed --compile --install-headers /home/django/env/include/site/python2.7 failed with error code 1 in /home/django/env/build/pycrypto
